2017-09-24 23:24:18,702 [main]                [34mINFO [0;39m com.github.xsavikx.androidscreencast.app.DeviceChooserApplication - Starting application
 [DeviceChooserApplication.java:44]2017-09-24 23:24:19,347 [main]                [34mINFO [0;39m com.github.xsavikx.androidscreencast.app.DeviceChooserApplication - 1 device was found by ADB
 [DeviceChooserApplication.java:53]2017-09-24 23:24:19,356 [main]                [34mINFO [0;39m com.github.xsavikx.androidscreencast.app.DeviceChooserApplication - asus-asus_z00rd-FAAZCY050308 was chosen
 [DeviceChooserApplication.java:64]2017-09-24 23:24:20,655 [main]                [34mINFO [0;39m com.github.xsavikx.androidscreencast.app.AndroidScreencastApplication - Starting application
 [AndroidScreencastApplication.java:52]2017-09-24 23:24:20,776 [Screen Capturer]     [34mINFO [0;39m com.github.xsavikx.androidscreencast.api.injector.ScreenCaptureRunnable - Starting screen capturing
 [ScreenCaptureRunnable.java:51]2017-09-24 23:24:48,370 [Screen Capturer]     [31mWARN [0;39m com.github.xsavikx.androidscreencast.api.injector.ScreenCaptureRunnable - IO Exception happened while getting device screenshot. Will try again in 100 ms.
 [ScreenCaptureRunnable.java:87]2017-09-24 23:24:48,471 [Screen Capturer]     [34mINFO [0;39m com.github.xsavikx.androidscreencast.api.injector.ScreenCaptureRunnable - Failed to get device screenshot
 [ScreenCaptureRunnable.java:58]2017-09-24 23:24:48,478 [Screen Capturer]     [31mWARN [0;39m com.github.xsavikx.androidscreencast.api.injector.ScreenCaptureRunnable - ADB Command was rejected. Will try again in 100 ms.
 [ScreenCaptureRunnable.java:82]2017-09-24 23:24:48,579 [Screen Capturer]     [34mINFO [0;39m com.github.xsavikx.androidscreencast.api.injector.ScreenCaptureRunnable - Failed to get device screenshot
 [ScreenCaptureRunnable.java:58]2017-09-24 23:24:48,585 [Screen Capturer]     [31mWARN [0;39m com.github.xsavikx.androidscreencast.api.injector.ScreenCaptureRunnable - ADB Command was rejected. Will try again in 100 ms.
 [ScreenCaptureRunnable.java:82]2017-09-24 23:24:48,686 [Screen Capturer]     [34mINFO [0;39m com.github.xsavikx.androidscreencast.api.injector.ScreenCaptureRunnable - Failed to get device screenshot
 [ScreenCaptureRunnable.java:58]2017-09-24 23:24:48,692 [Screen Capturer]     [31mWARN [0;39m com.github.xsavikx.androidscreencast.api.injector.ScreenCaptureRunnable - ADB Command was rejected. Will try again in 100 ms.
 [ScreenCaptureRunnable.java:82]2017-09-24 23:24:48,793 [Screen Capturer]     [34mINFO [0;39m com.github.xsavikx.androidscreencast.api.injector.ScreenCaptureRunnable - Failed to get device screenshot
 [ScreenCaptureRunnable.java:58]2017-09-24 23:24:48,799 [Screen Capturer]     [31mWARN [0;39m com.github.xsavikx.androidscreencast.api.injector.ScreenCaptureRunnable - ADB Command was rejected. Will try again in 100 ms.
 [ScreenCaptureRunnable.java:82]2017-09-24 23:24:48,900 [Screen Capturer]     [34mINFO [0;39m com.github.xsavikx.androidscreencast.api.injector.ScreenCaptureRunnable - Failed to get device screenshot
 [ScreenCaptureRunnable.java:58]2017-09-24 23:24:48,906 [Screen Capturer]     [31mWARN [0;39m com.github.xsavikx.androidscreencast.api.injector.ScreenCaptureRunnable - ADB Command was rejected. Will try again in 100 ms.
 [ScreenCaptureRunnable.java:82]2017-09-24 23:24:49,007 [Screen Capturer]     [34mINFO [0;39m com.github.xsavikx.androidscreencast.api.injector.ScreenCaptureRunnable - Failed to get device screenshot
 [ScreenCaptureRunnable.java:58]2017-09-24 23:24:49,013 [Screen Capturer]     [31mWARN [0;39m com.github.xsavikx.androidscreencast.api.injector.ScreenCaptureRunnable - ADB Command was rejected. Will try again in 100 ms.
 [ScreenCaptureRunnable.java:82]2017-09-24 23:24:49,114 [Screen Capturer]     [34mINFO [0;39m com.github.xsavikx.androidscreencast.api.injector.ScreenCaptureRunnable - Failed to get device screenshot
 [ScreenCaptureRunnable.java:58]2017-09-24 23:24:49,120 [Screen Capturer]     [31mWARN [0;39m com.github.xsavikx.androidscreencast.api.injector.ScreenCaptureRunnable - ADB Command was rejected. Will try again in 100 ms.
 [ScreenCaptureRunnable.java:82]2017-09-24 23:24:49,222 [Screen Capturer]     [34mINFO [0;39m com.github.xsavikx.androidscreencast.api.injector.ScreenCaptureRunnable - Failed to get device screenshot
 [ScreenCaptureRunnable.java:58]2017-09-24 23:24:49,228 [Screen Capturer]     [31mWARN [0;39m com.github.xsavikx.androidscreencast.api.injector.ScreenCaptureRunnable - ADB Command was rejected. Will try again in 100 ms.
 [ScreenCaptureRunnable.java:82]2017-09-24 23:24:49,329 [Screen Capturer]     [34mINFO [0;39m com.github.xsavikx.androidscreencast.api.injector.ScreenCaptureRunnable - Failed to get device screenshot
 [ScreenCaptureRunnable.java:58]2017-09-24 23:24:49,336 [Screen Capturer]     [31mWARN [0;39m com.github.xsavikx.androidscreencast.api.injector.ScreenCaptureRunnable - ADB Command was rejected. Will try again in 100 ms.
 [ScreenCaptureRunnable.java:82]2017-09-24 23:24:49,437 [Screen Capturer]     [34mINFO [0;39m com.github.xsavikx.androidscreencast.api.injector.ScreenCaptureRunnable - Failed to get device screenshot
 [ScreenCaptureRunnable.java:58]2017-09-24 23:24:49,444 [Screen Capturer]     [31mWARN [0;39m com.github.xsavikx.androidscreencast.api.injector.ScreenCaptureRunnable - ADB Command was rejected. Will try again in 100 ms.
 [ScreenCaptureRunnable.java:82]2017-09-24 23:24:49,544 [Screen Capturer]     [34mINFO [0;39m com.github.xsavikx.androidscreencast.api.injector.ScreenCaptureRunnable - Failed to get device screenshot
 [ScreenCaptureRunnable.java:58]2017-09-24 23:24:49,551 [Screen Capturer]     [31mWARN [0;39m com.github.xsavikx.androidscreencast.api.injector.ScreenCaptureRunnable - ADB Command was rejected. Will try again in 100 ms.
 [ScreenCaptureRunnable.java:82]2017-09-24 23:24:49,652 [Screen Capturer]     [34mINFO [0;39m com.github.xsavikx.androidscreencast.api.injector.ScreenCaptureRunnable - Failed to get device screenshot
 [ScreenCaptureRunnable.java:58]2017-09-24 23:24:49,658 [Screen Capturer]     [31mWARN [0;39m com.github.xsavikx.androidscreencast.api.injector.ScreenCaptureRunnable - ADB Command was rejected. Will try again in 100 ms.
 [ScreenCaptureRunnable.java:82]2017-09-24 23:24:49,759 [Screen Capturer]     [34mINFO [0;39m com.github.xsavikx.androidscreencast.api.injector.ScreenCaptureRunnable - Failed to get device screenshot
 [ScreenCaptureRunnable.java:58]2017-09-24 23:24:49,766 [Screen Capturer]     [31mWARN [0;39m com.github.xsavikx.androidscreencast.api.injector.ScreenCaptureRunnable - ADB Command was rejected. Will try again in 100 ms.
 [ScreenCaptureRunnable.java:82]2017-09-24 23:24:49,868 [Screen Capturer]     [34mINFO [0;39m com.github.xsavikx.androidscreencast.api.injector.ScreenCaptureRunnable - Failed to get device screenshot
 [ScreenCaptureRunnable.java:58]2017-09-24 23:24:49,874 [Screen Capturer]     [31mWARN [0;39m com.github.xsavikx.androidscreencast.api.injector.ScreenCaptureRunnable - ADB Command was rejected. Will try again in 100 ms.
 [ScreenCaptureRunnable.java:82]2017-09-24 23:24:49,976 [Screen Capturer]     [34mINFO [0;39m com.github.xsavikx.androidscreencast.api.injector.ScreenCaptureRunnable - Failed to get device screenshot
 [ScreenCaptureRunnable.java:58]2017-09-24 23:24:49,982 [Screen Capturer]     [31mWARN [0;39m com.github.xsavikx.androidscreencast.api.injector.ScreenCaptureRunnable - ADB Command was rejected. Will try again in 100 ms.
 [ScreenCaptureRunnable.java:82]2017-09-24 23:24:50,083 [Screen Capturer]     [34mINFO [0;39m com.github.xsavikx.androidscreencast.api.injector.ScreenCaptureRunnable - Failed to get device screenshot
 [ScreenCaptureRunnable.java:58]2017-09-24 23:24:50,089 [Screen Capturer]     [31mWARN [0;39m com.github.xsavikx.androidscreencast.api.injector.ScreenCaptureRunnable - ADB Command was rejected. Will try again in 100 ms.
 [ScreenCaptureRunnable.java:82]2017-09-24 23:24:50,190 [Screen Capturer]     [34mINFO [0;39m com.github.xsavikx.androidscreencast.api.injector.ScreenCaptureRunnable - Failed to get device screenshot
 [ScreenCaptureRunnable.java:58]2017-09-24 23:24:50,197 [Screen Capturer]     [31mWARN [0;39m com.github.xsavikx.androidscreencast.api.injector.ScreenCaptureRunnable - ADB Command was rejected. Will try again in 100 ms.
 [ScreenCaptureRunnable.java:82]2017-09-24 23:24:50,298 [Screen Capturer]     [34mINFO [0;39m com.github.xsavikx.androidscreencast.api.injector.ScreenCaptureRunnable - Failed to get device screenshot
 [ScreenCaptureRunnable.java:58]2017-09-25 00:01:09,126 [Thread-2]            [34mINFO [0;39m com.github.xsavikx.androidscreencast.app.AndroidScreencastApplication - Stopping application
 [AndroidScreencastApplication.java:37]2017-09-25 00:01:09,536 [Screen Capturer]     [34mINFO [0;39m com.github.xsavikx.androidscreencast.api.injector.ScreenCaptureRunnable - Stopping screen capturing
 [ScreenCaptureRunnable.java:68]2017-09-25 00:01:09,550 [Thread-2]            [34mINFO [0;39m com.github.xsavikx.androidscreencast.app.AndroidScreencastApplication - Stopping application
 [AndroidScreencastApplication.java:37]